1571941930736:help
1571941959490:command 5
1571941964434:ddfs 5
1571942220291:help
1571942235363:gcp_questions 5
1571943843452:gcp_questions
1571943849080:gcp_questions 5
1571946812144:gcp_questions 6
1571946816524:gcp_questions 9
1571947415265:help
1571947423066:sum 5
1571948167077:test 5
1571948251350:test 2
1571948346405:con
1571948353284:test 1
1571948355974:con
1571949281750:test 5
1571949451990:test 2
1571951305046:test 1
1571951446844:test 2
1571952131921:test 5
1571952298703:test 3
1571952729136:test 5
1571952934242:clear
1571952941091:help
1571952945617:clear
1571952958452:clear 55
1571952969611:exit
1571953111540:clear
1571953483260:test 3
1571953516688:exti
1571953518993:quit
1571953533528:test 3
1571953634936:test 4
1571953939059:test 2
1571954231184:test 4
1571954325887:test 3
